<?xml version="1.0" encoding="UTF-8"?>
<!-- Generated by org.testng.reporters.JUnitReportReporter -->
<testsuite skipped="0" hostname="DESKTOP-0490QAV" name="com.testNG.testNG1" tests="1" failures="0" timestamp="08 Apr 2019 17:52:05 GMT" time="3.600" errors="0">
  <testcase name="loginwithvaiddetails" time="3.600" classname="com.testNG.testNG1"/>
</testsuite> <!-- com.testNG.testNG1 -->
