<?xml version="1.0" encoding="UTF-8"?>
<!-- Generated by org.testng.reporters.JUnitReportReporter -->
<testsuite skipped="0" hostname="DESKTOP-0490QAV" name="com.testNG.propertiestest1" tests="1" failures="0" timestamp="13 Feb 2019 19:46:25 GMT" time="0.029" errors="0">
  <testcase name="openbrowser" time="0.029" classname="com.testNG.propertiestest1"/>
</testsuite> <!-- com.testNG.propertiestest1 -->
